Starting login task for account_id 333
Starting login task for account_id 332
Calling service.login() for GalvionaffViaffValencia
Calling service.login() for PalvishaffViaffYuliana
Starting login task for account_id 330
Calling service.login() for LevionaffViaffNefertina
Starting login task for account_id 328
Starting login task for account_id 327
Calling service.login() for OrelviaffViaffFelicia
Calling service.login() for SilvishaffViaffFabiola
Starting login task for account_id 326
Calling service.login() for BelviaffViaffValencia
Starting login task for account_id 325
Starting login task for account_id 323
Starting login task for account_id 320
Calling service.login() for CavishaffViaffOphelia
Calling service.login() for VelvionaffViaffQuenella
Calling service.login() for NerivaffViaffYuliana
Starting login task for account_id 312
Starting login task for account_id 319
Starting login task for account_id 315
Calling service.login() for LerivaffViaffFelicia
Calling service.login() for CalvieraffViaffXimena
Calling service.login() for BravinaffViaffPenelina
Starting login task for account_id 310
Proxy set for LevionaffViaffNefertina: socks5://kuyangkayang:asukayan...
Loaded existing session cookies for LevionaffViaffNefertina
Skipping fingerprint application for LevionaffViaffNefertina (using settings from session)
Client configured for LevionaffViaffNefertina:
  - User-Agent: Instagram 316.0.0.38.109 Android (33/14; 440dpi; 1440x3120; Google; Pixel 7; pixel_7; qcom; en_US; 561498679)
Login completed for PalvishaffViaffYuliana, status: active
Starting login task for account_id 306
Starting login task for account_id 309
Session committed for PalvishaffViaffYuliana
Calling service.login() for CerivaffViaffTheodora
Calling service.login() for KarvionaffViaffClaribel
Calling service.login() for MarvionaffViaffLiliana
Starting login task for account_id 303
Starting login task for account_id 302
Proxy set for PalvishaffViaffYuliana: socks5://kuyangkayang:asukayan...
Loaded existing session cookies for PalvishaffViaffYuliana
Skipping fingerprint application for PalvishaffViaffYuliana (using settings from session)
Client configured for PalvishaffViaffYuliana:
  - User-Agent: Instagram 316.0.0.38.109 Android (29/13; 440dpi; 1080x2340; Vivo; Y100; y100; qcom; en_US; 561498679)
Proxy set for CerivaffViaffTheodora: socks5://kuyangkayang:asukayan...
Loaded existing session cookies for CerivaffViaffTheodora
Skipping fingerprint application for CerivaffViaffTheodora (using settings from session)
Client configured for CerivaffViaffTheodora:
  - User-Agent: Instagram 323.0.0.37.108 Android (30/11; 440dpi; 1440x3120; Samsung; Galaxy S24; galaxy_s24; qcom; en_US; 582522774)
Login completed for GalvionaffViaffValencia, status: active
Starting login task for account_id 301
Session committed for GalvionaffViaffValencia
Calling service.login() for IsvionaffViaffHanelia
Calling service.login() for QavieraffViaffJulietta
Proxy set for NerivaffViaffYuliana: socks5://kuyangkayang:asukayan...
Loaded existing session cookies for NerivaffViaffYuliana
Skipping fingerprint application for NerivaffViaffYuliana (using settings from session)
Client configured for NerivaffViaffYuliana:
  - User-Agent: Instagram 316.0.0.38.109 Android (31/11; 440dpi; 1440x2560; Oppo; Find X6; find_x6; qcom; en_US; 561498679)
Login completed for VelvionaffViaffQuenella, status: active
Session committed for VelvionaffViaffQuenella
Calling service.login() for BelviaffViaffIsadella
Proxy set for SilvishaffViaffFabiola: socks5://kuyangkayang:asukayan...
Loaded existing session cookies for SilvishaffViaffFabiola
Skipping fingerprint application for SilvishaffViaffFabiola (using settings from session)
Client configured for SilvishaffViaffFabiola:
  - User-Agent: Instagram 330.0.0.38.107 Android (29/14; 440dpi; 1080x2400; Google; Pixel 8; pixel_8; qcom; en_US; 603812733)
Login completed for OrelviaffViaffFelicia, status: active
Session committed for OrelviaffViaffFelicia
Proxy set for BelviaffViaffValencia: socks5://kuyangkayang:asukayan...
Loaded existing session cookies for BelviaffViaffValencia
Skipping fingerprint application for BelviaffViaffValencia (using settings from session)
Client configured for BelviaffViaffValencia:
  - User-Agent: Instagram 330.0.0.38.107 Android (34/11; 440dpi; 1440x3120; Vivo; Y100; y100; qcom; en_US; 603812733)
Login completed for SilvishaffViaffFabiola, status: active
Starting login task for account_id 298
Session committed for SilvishaffViaffFabiola
Starting login task for account_id 295
Starting login task for account_id 296
Calling service.login() for IrelvaffViaffDanella
Calling service.login() for ZalviaffViaffMarcellia
Proxy set for VelvionaffViaffQuenella: socks5://kuyangkayang:asukayan...
Loaded existing session cookies for VelvionaffViaffQuenella
Skipping fingerprint application for VelvionaffViaffQuenella (using settings from session)
Client configured for VelvionaffViaffQuenella:
  - User-Agent: Instagram 316.0.0.38.109 Android (31/14; 440dpi; 1440x3120; Samsung; Galaxy S23; galaxy_s23; qcom; en_US; 561498679)
Proxy set for BelviaffViaffIsadella: socks5://kuyangkayang:asukayan...
Loaded existing session cookies for BelviaffViaffIsadella
Skipping fingerprint application for BelviaffViaffIsadella (using settings from session)
Client configured for BelviaffViaffIsadella:
  - User-Agent: Instagram 316.0.0.38.109 Android (32/14; 440dpi; 1440x3120; OnePlus; OnePlus 10 Pro; oneplus_10_pro; qcom; en_US; 561498679)
Login completed for CavishaffViaffOphelia, status: active
Session committed for CavishaffViaffOphelia
Calling service.login() for MarvionaffViaffXimena
Proxy set for QavieraffViaffJulietta: socks5://kuyangkayang:asukayan...
Loaded existing session cookies for QavieraffViaffJulietta
Skipping fingerprint application for QavieraffViaffJulietta (using settings from session)
Client configured for QavieraffViaffJulietta:
  - User-Agent: Instagram 316.0.0.38.109 Android (33/13; 440dpi; 1440x3120; OnePlus; OnePlus 10 Pro; oneplus_10_pro; qcom; en_US; 561498679)
Login completed for IsvionaffViaffHanelia, status: active
Session committed for IsvionaffViaffHanelia
DEBUG: Endpoint hit for account 303
Proxy set for MarvionaffViaffLiliana: socks5://kuyangkayang:asukayan...
Loaded existing session cookies for MarvionaffViaffLiliana
Skipping fingerprint application for MarvionaffViaffLiliana (using settings from session)
Client configured for MarvionaffViaffLiliana:
  - User-Agent: Instagram 323.0.0.37.108 Android (33/12; 440dpi; 1080x2400; Oppo; A98; a98; qcom; en_US; 582522774)
Login completed for KarvionaffViaffClaribel, status: active
Starting login task for account_id 291
Session committed for KarvionaffViaffClaribel
Starting login task for account_id 292
Starting login task for account_id 290
Calling service.login() for OlvieraffViaffOphelia
Calling service.login() for PerivaffViaffOrabella
Starting login for VelvionaffViaffQuenella, method: 2 (jitter: 1.08s, force: False)
Attempting greedy cookie-based login...
Attempting 2FA login...
Generated 2FA code: 776831 for user VelvionaffViaffQuenella
Login successful for VelvionaffViaffQuenella!
Login completed for QavieraffViaffJulietta, status: active
Session committed for QavieraffViaffJulietta
Calling service.login() for SilvishaffViaffCalista
Starting login for PalvishaffViaffYuliana, method: 2 (jitter: 1.02s, force: False)
Attempting greedy cookie-based login...
Attempting 2FA login...
DEBUG: Endpoint hit for account 310
DEBUG: Endpoint hit for account 306
DEBUG: Endpoint hit for account 309
Generated 2FA code: 661213 for user PalvishaffViaffYuliana
Login successful for PalvishaffViaffYuliana!
Login completed for BravinaffViaffPenelina, status: active
Session committed for BravinaffViaffPenelina
Starting login task for account_id 288
DEBUG: Endpoint hit for account 328
DEBUG: Endpoint hit for account 327
DEBUG: Endpoint hit for account 326
Proxy set for OrelviaffViaffFelicia: socks5://kuyangkayang:asukayan...
Loaded existing session cookies for OrelviaffViaffFelicia
Skipping fingerprint application for OrelviaffViaffFelicia (using settings from session)
Client configured for OrelviaffViaffFelicia:
  - User-Agent: Instagram 330.0.0.38.107 Android (32/11; 440dpi; 1080x2340; Vivo; X90; x90; qcom; en_US; 603812733)
Starting login for SilvishaffViaffFabiola, method: 2 (jitter: 1.45s, force: False)
Attempting greedy cookie-based login...
Attempting 2FA login...
Generated 2FA code: 951153 for user SilvishaffViaffFabiola
Login successful for SilvishaffViaffFabiola!
Login completed for LevionaffViaffNefertina, status: active
Starting login task for account_id 285
Session committed for LevionaffViaffNefertina
Calling service.login() for ArvianaffViaffDelphina
Starting login task for account_id 282
Calling service.login() for ZalviaffViaffStellaria
Proxy set for ZalviaffViaffMarcellia: socks5://kuyangkayang:asukayan...
Loaded existing session cookies for ZalviaffViaffMarcellia
Skipping fingerprint application for ZalviaffViaffMarcellia (using settings from session)
Client configured for ZalviaffViaffMarcellia:
  - User-Agent: Instagram 316.0.0.38.109 Android (29/13; 440dpi; 1080x2400; Vivo; X90; x90; qcom; en_US; 561498679)
Login completed for IrelvaffViaffDanella, status: active
Session committed for IrelvaffViaffDanella
Calling service.login() for LavieraffViaffLarencia
DEBUG: Endpoint hit for account 312
DEBUG: Endpoint hit for account 319
DEBUG: Endpoint hit for account 315
Proxy set for LerivaffViaffFelicia: socks5://kuyangkayang:asukayan...
Loaded existing session cookies for LerivaffViaffFelicia
Skipping fingerprint application for LerivaffViaffFelicia (using settings from session)
Client configured for LerivaffViaffFelicia:
  - User-Agent: Instagram 323.0.0.37.108 Android (29/11; 440dpi; 1080x2340; Xiaomi; POCO F5; poco_f5; qcom; en_US; 582522774)
Login completed for NerivaffViaffYuliana, status: active
Proxy set for CalvieraffViaffXimena: socks5://kuyangkayang:asukayan...
Loaded existing session cookies for CalvieraffViaffXimena
Skipping fingerprint application for CalvieraffViaffXimena (using settings from session)
Client configured for CalvieraffViaffXimena:
  - User-Agent: Instagram 330.0.0.38.107 Android (29/11; 440dpi; 1080x2340; Google; Pixel 7 Pro; pixel_7_pro; qcom; en_US; 603812733)
Login completed for LerivaffViaffFelicia, status: active
Session committed for NerivaffViaffYuliana
Session committed for LerivaffViaffFelicia
Starting login task for account_id 276
Starting login task for account_id 278
Proxy set for BravinaffViaffPenelina: socks5://kuyangkayang:asukayan...
Loaded existing session cookies for BravinaffViaffPenelina
Skipping fingerprint application for BravinaffViaffPenelina (using settings from session)
Client configured for BravinaffViaffPenelina:
  - User-Agent: Instagram 323.0.0.37.108 Android (34/14; 440dpi; 1080x2340; OnePlus; OnePlus 10 Pro; oneplus_10_pro; qcom; en_US; 582522774)
DEBUG: Endpoint hit for account 288
DEBUG: Endpoint hit for account 285
Starting login for LevionaffViaffNefertina, method: 2 (jitter: 2.80s, force: False)
Attempting greedy cookie-based login...
Attempting 2FA login...
Generated 2FA code: 300664 for user LevionaffViaffNefertina
Login successful for LevionaffViaffNefertina!
Login completed for CalvieraffViaffXimena, status: active
Calling service.login() for ValvieraffViaffElvira
Session committed for CalvieraffViaffXimena
Starting login task for account_id 274
Calling service.login() for SelvionaffViaffIsabella
Calling service.login() for CerivaffViaffIrelia
DEBUG: Endpoint hit for account 323
DEBUG: Endpoint hit for account 325
DEBUG: Endpoint hit for account 320
Proxy set for CavishaffViaffOphelia: socks5://kuyangkayang:asukayan...
Loaded existing session cookies for CavishaffViaffOphelia
Skipping fingerprint application for CavishaffViaffOphelia (using settings from session)
Client configured for CavishaffViaffOphelia:
  - User-Agent: Instagram 323.0.0.37.108 Android (31/14; 440dpi; 1080x2400; Samsung; Galaxy S23; galaxy_s23; qcom; en_US; 582522774)
Proxy set for MarvionaffViaffXimena: socks5://kuyangkayang:asukayan...
Loaded existing session cookies for MarvionaffViaffXimena
Skipping fingerprint application for MarvionaffViaffXimena (using settings from session)
Client configured for MarvionaffViaffXimena:
  - User-Agent: Instagram 323.0.0.37.108 Android (33/13; 440dpi; 1080x2340; Vivo; V27; v27; qcom; en_US; 582522774)
Login completed for BelviaffViaffValencia, status: active
Session committed for BelviaffViaffValencia
Starting login task for account_id 271
Starting login task for account_id 269
Starting login task for account_id 266
Calling service.login() for NivishaffViaffTheodora
Starting login for IsvionaffViaffHanelia, method: 2 (jitter: 1.19s, force: False)
Attempting greedy cookie-based login...
Attempting 2FA login...
Generated 2FA code: 358087 for user IsvionaffViaffHanelia
Login successful for IsvionaffViaffHanelia!
Login completed for MarvionaffViaffXimena, status: active
Session committed for MarvionaffViaffXimena
Calling service.login() for ZalviaffViaffEstoria
Starting login for OrelviaffViaffFelicia, method: 2 (jitter: 1.42s, force: False)
Attempting greedy cookie-based login...
Attempting 2FA login...
Generated 2FA code: 099719 for user OrelviaffViaffFelicia
Login successful for OrelviaffViaffFelicia!
Login completed for BelviaffViaffIsadella, status: active
Session committed for BelviaffViaffIsadella
Calling service.login() for MerivaffViaffIrelia
Proxy set for KarvionaffViaffClaribel: socks5://kuyangkayang:asukayan...
Loaded existing session cookies for KarvionaffViaffClaribel
Skipping fingerprint application for KarvionaffViaffClaribel (using settings from session)
Client configured for KarvionaffViaffClaribel:
  - User-Agent: Instagram 330.0.0.38.107 Android (30/13; 440dpi; 1440x3120; Samsung; Galaxy Ultra S23; galaxy_ultra_s23; qcom; en_US; 603812733)
DEBUG: Endpoint hit for account 292
DEBUG: Endpoint hit for account 290
Proxy set for OlvieraffViaffOphelia: socks5://kuyangkayang:asukayan...
Loaded existing session cookies for OlvieraffViaffOphelia
Skipping fingerprint application for OlvieraffViaffOphelia (using settings from session)
Client configured for OlvieraffViaffOphelia:
  - User-Agent: Instagram 316.0.0.38.109 Android (33/13; 440dpi; 1080x2340; Oppo; A98; a98; qcom; en_US; 561498679)
Login completed for CerivaffViaffTheodora, status: active
Session committed for CerivaffViaffTheodora
Starting login task for account_id 265
Starting login task for account_id 256
Starting login task for account_id 264
Calling service.login() for VelvionaffViaffElvira
Proxy set for PerivaffViaffOrabella: socks5://kuyangkayang:asukayan...
Loaded existing session cookies for PerivaffViaffOrabella
Skipping fingerprint application for PerivaffViaffOrabella (using settings from session)
Client configured for PerivaffViaffOrabella:
  - User-Agent: Instagram 330.0.0.38.107 Android (32/13; 440dpi; 1440x3120; Vivo; V27; v27; qcom; en_US; 603812733)
Login completed for OlvieraffViaffOphelia, status: active
Session committed for OlvieraffViaffOphelia
Calling service.login() for EstavinaffViaffValerina
Starting login for CavishaffViaffOphelia, method: 2 (jitter: 1.66s, force: False)
Attempting greedy cookie-based login...
Attempting 2FA login...
Generated 2FA code: 696968 for user CavishaffViaffOphelia
Login successful for CavishaffViaffOphelia!
Login completed for ZalviaffViaffMarcellia, status: active
Session committed for ZalviaffViaffMarcellia
Calling service.login() for WavieraffViaffWisteria
DEBUG: Endpoint hit for account 302
DEBUG: Endpoint hit for account 301
Starting login for GalvionaffViaffValencia, method: 2 (jitter: 1.24s, force: False)
Attempting greedy cookie-based login...
Attempting 2FA login...
Generated 2FA code: 025346 for user GalvionaffViaffValencia
Login successful for GalvionaffViaffValencia!
Login completed for MarvionaffViaffLiliana, status: active
Session committed for MarvionaffViaffLiliana
Proxy set for CerivaffViaffIrelia: socks5://kuyangkayang:asukayan...
Loaded existing session cookies for CerivaffViaffIrelia
Skipping fingerprint application for CerivaffViaffIrelia (using settings from session)
Client configured for CerivaffViaffIrelia:
  - User-Agent: Instagram 323.0.0.37.108 Android (29/12; 440dpi; 1080x2340; Samsung; Galaxy Ultra S23; galaxy_ultra_s23; qcom; en_US; 582522774)
Starting login for BelviaffViaffValencia, method: 2 (jitter: 2.73s, force: False)
Attempting greedy cookie-based login...
Attempting 2FA login...
Generated 2FA code: 026583 for user BelviaffViaffValencia
Login successful for BelviaffViaffValencia!
Login completed for SelvionaffViaffIsabella, status: active
Session committed for SelvionaffViaffIsabella
Starting login task for account_id 222
Starting login task for account_id 221
Starting login task for account_id 220
Calling service.login() for AveliaffViaffZerafina
Calling service.login() for ZevionaffViaffEstoria
Starting login for NerivaffViaffYuliana, method: 2 (jitter: 2.35s, force: False)
Attempting greedy cookie-based login...
Attempting 2FA login...
Generated 2FA code: 113961 for user NerivaffViaffYuliana
Login successful for NerivaffViaffYuliana!
Login completed for LavieraffViaffLarencia, status: active
Session committed for LavieraffViaffLarencia
Calling service.login() for ZivishaffViaffTheodora
Proxy set for SelvionaffViaffIsabella: socks5://kuyangkayang:asukayan...
Loaded existing session cookies for SelvionaffViaffIsabella
Skipping fingerprint application for SelvionaffViaffIsabella (using settings from session)
Client configured for SelvionaffViaffIsabella:
  - User-Agent: Instagram 316.0.0.38.109 Android (30/13; 440dpi; 1080x2400; Vivo; Y100; y100; qcom; en_US; 561498679)
DEBUG: Endpoint hit for account 222
DEBUG: Endpoint hit for account 221
DEBUG: Endpoint hit for account 220
Proxy set for AveliaffViaffZerafina: socks5://kuyangkayang:asukayan...
Loaded existing session cookies for AveliaffViaffZerafina
Skipping fingerprint application for AveliaffViaffZerafina (using settings from session)
Client configured for AveliaffViaffZerafina:
  - User-Agent: Instagram 316.0.0.38.109 Android (29/12; 440dpi; 1080x2340; Vivo; V27; v27; qcom; en_US; 561498679)
Login completed for ValvieraffViaffElvira, status: active
Session committed for ValvieraffViaffElvira
Starting login task for account_id 185
Starting login task for account_id 181
Calling service.login() for ElvionaffViaffAlessandra
Proxy set for ZalviaffViaffStellaria: socks5://kuyangkayang:asukayan...
Loaded existing session cookies for ZalviaffViaffStellaria
Skipping fingerprint application for ZalviaffViaffStellaria (using settings from session)
Client configured for ZalviaffViaffStellaria:
  - User-Agent: Instagram 316.0.0.38.109 Android (29/14; 440dpi; 1080x2340; Samsung; Galaxy S23; galaxy_s23; qcom; en_US; 561498679)
Login completed for ArvianaffViaffDelphina, status: active
Session committed for ArvianaffViaffDelphina
Calling service.login() for BravinaffViaffLunaria
Starting login for OlvieraffViaffOphelia, method: 2 (jitter: 1.51s, force: False)
Attempting greedy cookie-based login...
Attempting 2FA login...
Generated 2FA code: 856618 for user OlvieraffViaffOphelia
Login successful for OlvieraffViaffOphelia!
Login completed for VelvionaffViaffElvira, status: active
Session committed for VelvionaffViaffElvira
Starting login for IrelvaffViaffDanella, method: 2 (jitter: 1.06s, force: False)
Attempting greedy cookie-based login...
Attempting 2FA login...
Generated 2FA code: 633402 for user IrelvaffViaffDanella
Login successful for IrelvaffViaffDanella!
Login completed for ZalviaffViaffStellaria, status: active
Session committed for ZalviaffViaffStellaria
Starting login for CerivaffViaffTheodora, method: 2 (jitter: 2.31s, force: False)
Attempting greedy cookie-based login...
Attempting 2FA login...
Generated 2FA code: 781848 for user CerivaffViaffTheodora
Login successful for CerivaffViaffTheodora!
Login completed for MerivaffViaffIrelia, status: active
Session committed for MerivaffViaffIrelia
Starting login for QavieraffViaffJulietta, method: 2 (jitter: 1.41s, force: False)
Attempting greedy cookie-based login...
Attempting 2FA login...
Generated 2FA code: 722453 for user QavieraffViaffJulietta
Login successful for QavieraffViaffJulietta!
Login completed for PerivaffViaffOrabella, status: active
Session committed for PerivaffViaffOrabella
Starting login for BravinaffViaffPenelina, method: 2 (jitter: 1.83s, force: False)
Attempting greedy cookie-based login...
Attempting 2FA login...
Generated 2FA code: 707944 for user BravinaffViaffPenelina
Login successful for BravinaffViaffPenelina!
Login completed for SilvishaffViaffCalista, status: active
Starting login for BelviaffViaffIsadella, method: 2 (jitter: 1.72s, force: False)
Attempting greedy cookie-based login...
Attempting 2FA login...
Generated 2FA code: 510887 for user BelviaffViaffIsadella
Login successful for BelviaffViaffIsadella!
Login completed for ZalviaffViaffEstoria, status: active
Session committed for SilvishaffViaffCalista
Session committed for ZalviaffViaffEstoria
Login completed for CerivaffViaffIrelia, status: active
Session committed for CerivaffViaffIrelia
Starting login for MarvionaffViaffLiliana, method: 2 (jitter: 3.00s, force: False)
Attempting greedy cookie-based login...
Attempting 2FA login...
Generated 2FA code: 845438 for user MarvionaffViaffLiliana
Login successful for MarvionaffViaffLiliana!
Login completed for WavieraffViaffWisteria, status: active
Login completed for EstavinaffViaffValerina, status: active
Session committed for WavieraffViaffWisteria
Session committed for EstavinaffViaffValerina
Starting login for LavieraffViaffLarencia, method: 2 (jitter: 1.53s, force: False)
Attempting greedy cookie-based login...
Attempting 2FA login...
Generated 2FA code: 682200 for user LavieraffViaffLarencia
Login successful for LavieraffViaffLarencia!
Login completed for ZevionaffViaffEstoria, status: active
Session committed for ZevionaffViaffEstoria
Starting login for MarvionaffViaffXimena, method: 2 (jitter: 1.00s, force: False)
Attempting greedy cookie-based login...
Attempting 2FA login...
Generated 2FA code: 632588 for user MarvionaffViaffXimena
Login successful for MarvionaffViaffXimena!
Login completed for NivishaffViaffTheodora, status: active
Session committed for NivishaffViaffTheodora
Starting login for ArvianaffViaffDelphina, method: 2 (jitter: 2.09s, force: False)
Attempting greedy cookie-based login...
Attempting 2FA login...
Generated 2FA code: 261203 for user ArvianaffViaffDelphina
Login successful for ArvianaffViaffDelphina!
Login completed for ElvionaffViaffAlessandra, status: active
Session committed for ElvionaffViaffAlessandra
Starting login for VelvionaffViaffElvira, method: 2 (jitter: 1.40s, force: False)
Attempting greedy cookie-based login...
Attempting 2FA login...
Generated 2FA code: 115182 for user VelvionaffViaffElvira
Login successful for VelvionaffViaffElvira!
Login completed for BravinaffViaffLunaria, status: active
Session committed for BravinaffViaffLunaria
Starting login for ValvieraffViaffElvira, method: 2 (jitter: 1.85s, force: False)
Attempting greedy cookie-based login...
Attempting 2FA login...
Generated 2FA code: 651942 for user ValvieraffViaffElvira
Login successful for ValvieraffViaffElvira!
Login completed for ZivishaffViaffTheodora, status: active
Session committed for ZivishaffViaffTheodora
Proxy set for ZevionaffViaffEstoria: socks5://kuyangkayang:asukayan...
Loaded existing session cookies for ZevionaffViaffEstoria
Skipping fingerprint application for ZevionaffViaffEstoria (using settings from session)
Client configured for ZevionaffViaffEstoria:
  - User-Agent: Instagram 330.0.0.38.107 Android (32/12; 440dpi; 1440x3120; Oppo; Find X6; find_x6; qcom; en_US; 603812733)
Starting login for NivishaffViaffTheodora, method: 2 (jitter: 2.99s, force: False)
Attempting greedy cookie-based login...
Attempting 2FA login...
Generated 2FA code: 034202 for user NivishaffViaffTheodora
Login successful for NivishaffViaffTheodora!
Login completed for AveliaffViaffZerafina, status: active
Session committed for AveliaffViaffZerafina
